mode: set
berbagi/controllers/completionController.go:11.58,13.54 2 0
berbagi/controllers/completionController.go:20.2,23.20 3 0
berbagi/controllers/completionController.go:30.2,31.16 2 0
berbagi/controllers/completionController.go:38.2,38.22 1 0
berbagi/controllers/completionController.go:45.2,45.23 1 0
berbagi/controllers/completionController.go:52.2,56.84 1 0
berbagi/controllers/completionController.go:13.54,18.3 1 0
berbagi/controllers/completionController.go:23.20,28.3 1 0
berbagi/controllers/completionController.go:31.16,36.3 1 0
berbagi/controllers/completionController.go:38.22,43.3 1 0
berbagi/controllers/completionController.go:45.23,50.3 1 0
berbagi/controllers/completionController.go:60.61,62.26 2 0
berbagi/controllers/completionController.go:69.2,70.75 2 0
berbagi/controllers/completionController.go:77.2,78.20 2 0
berbagi/controllers/completionController.go:85.2,86.16 2 0
berbagi/controllers/completionController.go:93.2,93.22 1 0
berbagi/controllers/completionController.go:100.2,100.23 1 0
berbagi/controllers/completionController.go:107.2,111.89 1 0
berbagi/controllers/completionController.go:62.26,67.3 1 0
berbagi/controllers/completionController.go:70.75,75.3 1 0
berbagi/controllers/completionController.go:78.20,83.3 1 0
berbagi/controllers/completionController.go:86.16,91.3 1 0
berbagi/controllers/completionController.go:93.22,98.3 1 0
berbagi/controllers/completionController.go:100.23,105.3 1 0
berbagi/controllers/giftController.go:13.47,19.16 4 0
berbagi/controllers/giftController.go:23.2,23.108 1 0
berbagi/controllers/giftController.go:19.16,21.3 1 0
berbagi/controllers/locationsController.go:12.62,19.17 6 0
berbagi/controllers/locationsController.go:24.2,24.16 1 0
berbagi/controllers/locationsController.go:30.2,30.54 1 0
berbagi/controllers/locationsController.go:35.2,37.50 1 0
berbagi/controllers/locationsController.go:43.2,44.16 2 0
berbagi/controllers/locationsController.go:50.2,53.16 4 0
berbagi/controllers/locationsController.go:59.2,59.22 1 0
berbagi/controllers/locationsController.go:65.2,66.27 2 0
berbagi/controllers/locationsController.go:105.2,108.14 1 0
berbagi/controllers/locationsController.go:19.17,23.3 1 0
berbagi/controllers/locationsController.go:24.16,28.3 1 0
berbagi/controllers/locationsController.go:30.54,34.3 1 0
berbagi/controllers/locationsController.go:37.50,41.6 1 0
berbagi/controllers/locationsController.go:44.16,48.3 1 0
berbagi/controllers/locationsController.go:53.16,57.3 1 0
berbagi/controllers/locationsController.go:59.22,63.3 1 0
berbagi/controllers/locationsController.go:66.27,67.82 1 0
berbagi/controllers/locationsController.go:67.82,70.42 2 0
berbagi/controllers/locationsController.go:83.4,83.17 1 0
berbagi/controllers/locationsController.go:70.42,72.27 2 0
berbagi/controllers/locationsController.go:72.27,81.6 2 0
berbagi/controllers/locationsController.go:84.9,88.4 1 0
berbagi/controllers/locationsController.go:89.8,90.66 1 0
berbagi/controllers/locationsController.go:90.66,93.42 2 0
berbagi/controllers/locationsController.go:97.4,97.19 1 0
berbagi/controllers/locationsController.go:93.42,96.5 2 0
berbagi/controllers/locationsController.go:98.9,102.4 1 0
berbagi/controllers/paymentController.go:14.57,18.16 3 0
berbagi/controllers/paymentController.go:22.2,22.121 1 0
berbagi/controllers/paymentController.go:18.16,20.3 1 0
berbagi/controllers/paymentController.go:25.56,31.16 5 0
berbagi/controllers/paymentController.go:35.2,35.95 1 0
berbagi/controllers/paymentController.go:31.16,33.3 1 0
berbagi/controllers/checkoutController.go:14.58,18.16 3 0
berbagi/controllers/checkoutController.go:22.2,22.102 1 0
berbagi/controllers/checkoutController.go:18.16,20.3 1 0
berbagi/controllers/checkoutController.go:25.58,31.16 5 0
berbagi/controllers/checkoutController.go:35.2,35.100 1 0
berbagi/controllers/checkoutController.go:31.16,33.3 1 0
berbagi/controllers/loginController.go:12.48,19.16 4 0
berbagi/controllers/loginController.go:25.2,25.100 1 0
berbagi/controllers/loginController.go:19.16,23.3 1 0
berbagi/controllers/productCartController.go:15.61,19.16 3 0
berbagi/controllers/productCartController.go:23.2,23.104 1 0
berbagi/controllers/productCartController.go:19.16,21.3 1 0
berbagi/controllers/productCartController.go:30.64,38.16 5 0
berbagi/controllers/productCartController.go:42.2,42.91 1 0
berbagi/controllers/productCartController.go:38.16,40.3 1 0
berbagi/controllers/productCartController.go:45.64,53.16 5 0
berbagi/controllers/productCartController.go:57.2,57.96 1 0
berbagi/controllers/productCartController.go:53.16,55.3 1 0
berbagi/controllers/productController.go:13.50,18.16 3 0
berbagi/controllers/productController.go:25.2,29.95 1 0
berbagi/controllers/productController.go:18.16,23.3 1 0
berbagi/controllers/serviceController.go:12.55,16.16 3 0
berbagi/controllers/serviceController.go:23.2,23.22 1 0
berbagi/controllers/serviceController.go:29.2,33.79 1 0
berbagi/controllers/serviceController.go:16.16,21.3 1 0
berbagi/controllers/serviceController.go:23.22,28.3 1 0
berbagi/controllers/serviceController.go:36.55,43.16 5 0
berbagi/controllers/serviceController.go:50.2,50.35 1 0
berbagi/controllers/serviceController.go:57.2,57.22 1 0
berbagi/controllers/serviceController.go:63.2,67.78 1 0
berbagi/controllers/serviceController.go:43.16,48.3 1 0
berbagi/controllers/serviceController.go:50.35,55.3 1 0
berbagi/controllers/serviceController.go:57.22,62.3 1 0
berbagi/controllers/serviceController.go:70.56,74.16 3 0
berbagi/controllers/serviceController.go:80.2,80.22 1 0
berbagi/controllers/serviceController.go:86.2,89.69 1 0
berbagi/controllers/serviceController.go:74.16,79.3 1 0
berbagi/controllers/serviceController.go:80.22,85.3 1 0
berbagi/controllers/serviceController.go:92.59,98.16 5 0
berbagi/controllers/serviceController.go:105.2,105.45 1 0
berbagi/controllers/serviceController.go:112.2,112.22 1 0
berbagi/controllers/serviceController.go:118.2,122.92 1 0
berbagi/controllers/serviceController.go:98.16,103.3 1 0
berbagi/controllers/serviceController.go:105.45,110.3 1 0
berbagi/controllers/serviceController.go:112.22,117.3 1 0
berbagi/controllers/certificateController.go:11.53,15.20 3 0
berbagi/controllers/certificateController.go:22.2,23.16 2 0
berbagi/controllers/certificateController.go:30.2,30.22 1 0
berbagi/controllers/certificateController.go:37.2,37.23 1 0
berbagi/controllers/certificateController.go:44.2,48.81 1 0
berbagi/controllers/certificateController.go:15.20,20.3 1 0
berbagi/controllers/certificateController.go:23.16,28.3 1 0
berbagi/controllers/certificateController.go:30.22,35.3 1 0
berbagi/controllers/certificateController.go:37.23,42.3 1 0
berbagi/controllers/donationController.go:18.51,26.16 6 0
berbagi/controllers/donationController.go:32.2,36.4 1 0
berbagi/controllers/donationController.go:26.16,31.3 1 0
berbagi/controllers/donationController.go:40.60,44.16 3 0
berbagi/controllers/donationController.go:51.2,55.4 1 0
berbagi/controllers/donationController.go:44.16,49.3 1 0
berbagi/controllers/donationController.go:60.59,67.59 5 0
berbagi/controllers/donationController.go:74.2,74.59 1 0
berbagi/controllers/donationController.go:81.2,86.4 2 0
berbagi/controllers/donationController.go:67.59,72.3 1 0
berbagi/controllers/donationController.go:74.59,79.3 1 0
berbagi/controllers/donationController.go:90.61,97.59 5 0
berbagi/controllers/donationController.go:104.2,104.61 1 0
berbagi/controllers/donationController.go:111.2,114.4 1 0
berbagi/controllers/donationController.go:97.59,102.3 1 0
berbagi/controllers/donationController.go:104.61,109.3 1 0
berbagi/controllers/donationController.go:121.63,128.16 6 0
berbagi/controllers/donationController.go:135.2,139.4 1 0
berbagi/controllers/donationController.go:128.16,133.3 1 0
berbagi/controllers/donationController.go:145.51,150.16 3 0
berbagi/controllers/donationController.go:156.2,156.32 1 0
berbagi/controllers/donationController.go:163.2,166.16 3 0
berbagi/controllers/donationController.go:172.2,176.4 1 0
berbagi/controllers/donationController.go:150.16,155.3 1 0
berbagi/controllers/donationController.go:156.32,161.3 1 0
berbagi/controllers/donationController.go:166.16,171.3 1 0
berbagi/controllers/donationController.go:180.55,185.16 4 0
berbagi/controllers/donationController.go:191.2,195.4 1 0
berbagi/controllers/donationController.go:185.16,190.3 1 0
berbagi/controllers/proficiencyController.go:12.59,14.26 2 0
berbagi/controllers/proficiencyController.go:21.2,25.16 4 0
berbagi/controllers/proficiencyController.go:31.2,31.22 1 0
berbagi/controllers/proficiencyController.go:37.2,41.91 1 0
berbagi/controllers/proficiencyController.go:14.26,19.3 1 0
berbagi/controllers/proficiencyController.go:25.16,30.3 1 0
berbagi/controllers/proficiencyController.go:31.22,36.3 1 0
berbagi/controllers/proficiencyController.go:44.58,46.83 2 0
berbagi/controllers/proficiencyController.go:53.2,54.16 2 0
berbagi/controllers/proficiencyController.go:60.2,60.22 1 0
berbagi/controllers/proficiencyController.go:66.2,70.93 1 0
berbagi/controllers/proficiencyController.go:46.83,51.3 1 0
berbagi/controllers/proficiencyController.go:54.16,59.3 1 0
berbagi/controllers/proficiencyController.go:60.22,65.3 1 0
berbagi/controllers/proficiencyController.go:73.56,75.26 2 0
berbagi/controllers/proficiencyController.go:82.2,83.20 2 0
berbagi/controllers/proficiencyController.go:90.2,91.16 2 0
berbagi/controllers/proficiencyController.go:97.2,97.22 1 0
berbagi/controllers/proficiencyController.go:103.2,107.87 1 0
berbagi/controllers/proficiencyController.go:75.26,80.3 1 0
berbagi/controllers/proficiencyController.go:83.20,88.3 1 0
berbagi/controllers/proficiencyController.go:91.16,96.3 1 0
berbagi/controllers/proficiencyController.go:97.22,102.3 1 0
berbagi/controllers/proficiencyController.go:110.57,112.26 2 0
berbagi/controllers/proficiencyController.go:119.2,120.20 2 0
berbagi/controllers/proficiencyController.go:127.2,131.16 4 0
berbagi/controllers/proficiencyController.go:137.2,137.22 1 0
berbagi/controllers/proficiencyController.go:143.2,147.91 1 0
berbagi/controllers/proficiencyController.go:112.26,117.3 1 0
berbagi/controllers/proficiencyController.go:120.20,125.3 1 0
berbagi/controllers/proficiencyController.go:131.16,136.3 1 0
berbagi/controllers/proficiencyController.go:137.22,142.3 1 0
berbagi/controllers/registerController.go:13.51,20.16 4 1
berbagi/controllers/registerController.go:24.2,24.89 1 1
berbagi/controllers/registerController.go:20.16,22.3 1 1
berbagi/controllers/requestController.go:13.40,18.24 4 0
berbagi/controllers/requestController.go:24.2,28.48 4 0
berbagi/controllers/requestController.go:33.2,33.16 1 0
berbagi/controllers/requestController.go:39.2,42.17 1 0
berbagi/controllers/requestController.go:18.24,22.3 1 0
berbagi/controllers/requestController.go:28.48,32.3 1 0
berbagi/controllers/requestController.go:33.16,37.3 1 0
berbagi/controllers/requestController.go:45.44,50.26 4 0
berbagi/controllers/requestController.go:56.2,60.16 4 0
berbagi/controllers/requestController.go:66.2,69.17 1 0
berbagi/controllers/requestController.go:50.26,54.3 1 0
berbagi/controllers/requestController.go:60.16,64.3 1 0
berbagi/controllers/requestController.go:72.43,77.26 4 0
berbagi/controllers/requestController.go:83.2,87.48 4 0
berbagi/controllers/requestController.go:92.2,92.16 1 0
berbagi/controllers/requestController.go:98.2,101.17 1 0
berbagi/controllers/requestController.go:77.26,81.3 1 0
berbagi/controllers/requestController.go:87.48,91.3 1 0
berbagi/controllers/requestController.go:92.16,96.3 1 0
berbagi/controllers/requestController.go:105.56,110.48 4 0
berbagi/controllers/requestController.go:116.2,119.17 3 0
berbagi/controllers/requestController.go:123.2,123.16 1 0
berbagi/controllers/requestController.go:129.2,132.17 1 0
berbagi/controllers/requestController.go:110.48,114.3 1 0
berbagi/controllers/requestController.go:119.17,121.3 1 0
berbagi/controllers/requestController.go:123.16,127.3 1 0
berbagi/controllers/requestController.go:135.57,141.72 5 0
berbagi/controllers/requestController.go:147.2,147.48 1 0
berbagi/controllers/requestController.go:153.2,155.148 3 0
berbagi/controllers/requestController.go:164.2,164.16 1 0
berbagi/controllers/requestController.go:170.2,173.17 1 0
berbagi/controllers/requestController.go:141.72,145.3 1 0
berbagi/controllers/requestController.go:147.48,151.3 1 0
berbagi/controllers/requestController.go:155.148,158.3 1 0
berbagi/controllers/requestController.go:158.8,162.3 1 0
berbagi/controllers/requestController.go:164.16,168.3 1 0
berbagi/controllers/requestController.go:176.52,181.16 4 0
berbagi/controllers/requestController.go:187.2,187.37 1 0
berbagi/controllers/requestController.go:192.2,192.61 1 0
berbagi/controllers/requestController.go:199.2,202.4 1 0
berbagi/controllers/requestController.go:181.16,185.3 1 0
berbagi/controllers/requestController.go:187.37,191.3 1 0
berbagi/controllers/requestController.go:192.61,197.3 1 0
berbagi/controllers/requestController.go:205.62,209.16 3 0
berbagi/controllers/requestController.go:214.2,218.4 1 0
berbagi/controllers/requestController.go:209.16,213.3 1 0
berbagi/controllers/confirmServiceController.go:11.56,15.16 3 0
berbagi/controllers/confirmServiceController.go:22.2,22.22 1 0
berbagi/controllers/confirmServiceController.go:28.2,32.95 1 0
berbagi/controllers/confirmServiceController.go:15.16,20.3 1 0
berbagi/controllers/confirmServiceController.go:22.22,27.3 1 0
berbagi/controllers/confirmServiceController.go:35.56,38.20 3 0
berbagi/controllers/confirmServiceController.go:45.2,46.16 2 0
berbagi/controllers/confirmServiceController.go:53.2,53.22 1 0
berbagi/controllers/confirmServiceController.go:60.2,60.23 1 0
berbagi/controllers/confirmServiceController.go:67.2,71.95 1 0
berbagi/controllers/confirmServiceController.go:38.20,43.3 1 0
berbagi/controllers/confirmServiceController.go:46.16,51.3 1 0
berbagi/controllers/confirmServiceController.go:53.22,58.3 1 0
berbagi/controllers/confirmServiceController.go:60.23,65.3 1 0
berbagi/controllers/volunteerController.go:12.56,14.26 2 0
berbagi/controllers/volunteerController.go:21.2,23.16 3 0
berbagi/controllers/volunteerController.go:30.2,30.22 1 0
berbagi/controllers/volunteerController.go:37.2,41.84 1 0
berbagi/controllers/volunteerController.go:14.26,19.3 1 0
berbagi/controllers/volunteerController.go:23.16,28.3 1 0
berbagi/controllers/volunteerController.go:30.22,35.3 1 0
berbagi/controllers/volunteerController.go:44.58,46.20 2 0
berbagi/controllers/volunteerController.go:53.2,54.16 2 0
berbagi/controllers/volunteerController.go:61.2,61.22 1 0
berbagi/controllers/volunteerController.go:68.2,72.85 1 0
berbagi/controllers/volunteerController.go:46.20,51.3 1 0
berbagi/controllers/volunteerController.go:54.16,59.3 1 0
berbagi/controllers/volunteerController.go:61.22,66.3 1 0
